<?xml version="1.0" encoding="UTF-8"?>
<!-- Generated by org.testng.reporters.JUnitReportReporter -->
<testsuite hostname="LAPTOP-FJ3K051I" failures="0" tests="2" name="orangeHRM.Login" time="4.315" errors="0" timestamp="12 Mar 2021 08:24:25 GMT" skipped="1">
  <testcase classname="orangeHRM.Login" name="login" time="0.005">
    <skipped/>
  </testcase> <!-- login -->
  <testcase classname="orangeHRM.Login" name="login" time="4.310"/>
</testsuite> <!-- orangeHRM.Login -->
