<?xml version="1.0" encoding="UTF-8"?>
<!-- Generated by org.testng.reporters.JUnitReportReporter -->
<testsuite hostname="LAPTOP-FJ3K051I" failures="0" tests="3" name="userManagement.EditUser" time="17.091" errors="0" timestamp="12 Mar 2021 08:24:25 GMT" skipped="0">
  <testcase classname="userManagement.EditUser" name="searchForUser" time="6.014"/>
  <testcase classname="userManagement.EditUser" name="searchForUser" time="5.497"/>
  <testcase classname="userManagement.EditUser" name="searchForUser" time="5.580"/>
</testsuite> <!-- userManagement.EditUser -->
